C:\Program Files (x86)\Microsoft Visual Studio\2017\Community\Common7\IDE\VC\VCTargets\Microsoft.CppBuild.targets(391,5): warning MSB8028: The intermediate directory (Debug\) contains files shared from another project (hw1.vcxproj, Zhao_Tianyu_Assignment_2_1.vcxproj, Zhao_Tianyu_Assignment_2_2.vcxproj).  This can lead to incorrect clean and rebuild behavior.
  Zhao_Tianyu_Assignment_2_3.cpp
d:\homeworks\purdue\18fall\cs334\zhao_tianyu_assignment_2_3\zhao_tianyu_assignment_2_3.cpp(57): warning C4305: 'initializing': truncation from 'double' to 'GLfloat'
d:\homeworks\purdue\18fall\cs334\zhao_tianyu_assignment_2_3\zhao_tianyu_assignment_2_3.cpp(60): warning C4305: 'initializing': truncation from 'double' to 'GLfloat'
d:\homeworks\purdue\18fall\cs334\zhao_tianyu_assignment_2_3\zhao_tianyu_assignment_2_3.cpp(61): warning C4305: 'initializing': truncation from 'double' to 'GLfloat'
d:\homeworks\purdue\18fall\cs334\zhao_tianyu_assignment_2_3\zhao_tianyu_assignment_2_3.cpp(64): warning C4305: 'initializing': truncation from 'double' to 'GLfloat'
d:\homeworks\purdue\18fall\cs334\zhao_tianyu_assignment_2_3\zhao_tianyu_assignment_2_3.cpp(65): warning C4305: 'initializing': truncation from 'double' to 'GLfloat'
d:\homeworks\purdue\18fall\cs334\zhao_tianyu_assignment_2_3\zhao_tianyu_assignment_2_3.cpp(68): warning C4305: 'initializing': truncation from 'double' to 'GLfloat'
d:\homeworks\purdue\18fall\cs334\zhao_tianyu_assignment_2_3\zhao_tianyu_assignment_2_3.cpp(69): warning C4305: 'initializing': truncation from 'double' to 'GLfloat'
d:\homeworks\purdue\18fall\cs334\zhao_tianyu_assignment_2_3\zhao_tianyu_assignment_2_3.cpp(72): warning C4305: 'initializing': truncation from 'double' to 'GLfloat'
d:\homeworks\purdue\18fall\cs334\zhao_tianyu_assignment_2_3\zhao_tianyu_assignment_2_3.cpp(73): warning C4305: 'initializing': truncation from 'double' to 'GLfloat'
d:\homeworks\purdue\18fall\cs334\zhao_tianyu_assignment_2_3\zhao_tianyu_assignment_2_3.cpp(212): warning C4018: '<': signed/unsigned mismatch
d:\homeworks\purdue\18fall\cs334\zhao_tianyu_assignment_2_3\zhao_tianyu_assignment_2_3.cpp(257): warning C4018: '<': signed/unsigned mismatch
d:\homeworks\purdue\18fall\cs334\zhao_tianyu_assignment_2_3\zhao_tianyu_assignment_2_3.cpp(291): warning C4018: '<': signed/unsigned mismatch
d:\homeworks\purdue\18fall\cs334\zhao_tianyu_assignment_2_3\zhao_tianyu_assignment_2_3.cpp(297): warning C4244: 'argument': conversion from 'double' to '_Ty', possible loss of data
          with
          [
              _Ty=float
          ]
d:\homeworks\purdue\18fall\cs334\zhao_tianyu_assignment_2_3\zhao_tianyu_assignment_2_3.cpp(312): warning C4018: '<': signed/unsigned mismatch
d:\homeworks\purdue\18fall\cs334\zhao_tianyu_assignment_2_3\zhao_tianyu_assignment_2_3.cpp(348): warning C4244: '+=': conversion from 'double' to 'float', possible loss of data
d:\homeworks\purdue\18fall\cs334\zhao_tianyu_assignment_2_3\zhao_tianyu_assignment_2_3.cpp(349): warning C4244: '+=': conversion from 'double' to 'float', possible loss of data
d:\homeworks\purdue\18fall\cs334\zhao_tianyu_assignment_2_3\zhao_tianyu_assignment_2_3.cpp(352): warning C4244: '+=': conversion from 'double' to 'float', possible loss of data
d:\homeworks\purdue\18fall\cs334\zhao_tianyu_assignment_2_3\zhao_tianyu_assignment_2_3.cpp(353): warning C4244: '+=': conversion from 'double' to 'float', possible loss of data
d:\homeworks\purdue\18fall\cs334\zhao_tianyu_assignment_2_3\zhao_tianyu_assignment_2_3.cpp(365): warning C4244: '+=': conversion from 'double' to 'float', possible loss of data
d:\homeworks\purdue\18fall\cs334\zhao_tianyu_assignment_2_3\zhao_tianyu_assignment_2_3.cpp(369): warning C4244: '+=': conversion from 'double' to 'float', possible loss of data
d:\homeworks\purdue\18fall\cs334\zhao_tianyu_assignment_2_3\zhao_tianyu_assignment_2_3.cpp(382): warning C4244: '+=': conversion from 'double' to 'float', possible loss of data
d:\homeworks\purdue\18fall\cs334\zhao_tianyu_assignment_2_3\zhao_tianyu_assignment_2_3.cpp(386): warning C4244: '+=': conversion from 'double' to 'float', possible loss of data
d:\homeworks\purdue\18fall\cs334\zhao_tianyu_assignment_2_3\zhao_tianyu_assignment_2_3.cpp(399): warning C4244: '=': conversion from 'double' to 'float', possible loss of data
d:\homeworks\purdue\18fall\cs334\zhao_tianyu_assignment_2_3\zhao_tianyu_assignment_2_3.cpp(400): warning C4244: '=': conversion from 'double' to 'float', possible loss of data
d:\homeworks\purdue\18fall\cs334\zhao_tianyu_assignment_2_3\zhao_tianyu_assignment_2_3.cpp(403): warning C4244: '=': conversion from 'double' to 'float', possible loss of data
d:\homeworks\purdue\18fall\cs334\zhao_tianyu_assignment_2_3\zhao_tianyu_assignment_2_3.cpp(404): warning C4244: '=': conversion from 'double' to 'float', possible loss of data
d:\homeworks\purdue\18fall\cs334\zhao_tianyu_assignment_2_3\zhao_tianyu_assignment_2_3.cpp(462): warning C4244: '=': conversion from 'double' to 'float', possible loss of data
d:\homeworks\purdue\18fall\cs334\zhao_tianyu_assignment_2_3\zhao_tianyu_assignment_2_3.cpp(463): warning C4244: '=': conversion from 'double' to 'float', possible loss of data
d:\homeworks\purdue\18fall\cs334\zhao_tianyu_assignment_2_3\zhao_tianyu_assignment_2_3.cpp(466): warning C4244: '=': conversion from 'double' to 'float', possible loss of data
d:\homeworks\purdue\18fall\cs334\zhao_tianyu_assignment_2_3\zhao_tianyu_assignment_2_3.cpp(467): warning C4244: '=': conversion from 'double' to 'float', possible loss of data
  Zhao_Tianyu_Assignment_2_3.vcxproj -> D:\homeworks\Purdue\18fall\CS334\Zhao_Tianyu_Assignment_2_3\Debug\Zhao_Tianyu_Assignment_2_3.exe
